<?xml version="1.0" encoding="UTF-8"?>
<!-- Generated by org.testng.reporters.JUnitXMLReporter -->
<testsuite ignored="3" hostname="karvendhan" failures="2" tests="7" name="SequentialTests" time="88.32" errors="0" timestamp="2025-08-10T18:20:21 IST">
  <testcase classname="test.SignUpTest" name="signUp_ExistingUser_ShouldShowExistsAlert" time="1.898"/>
  <testcase classname="test.SignUpTest" name="signUp_NewUser_ShouldShowSuccessAlert" time="2.396"/>
  <testcase classname="test.LoginTest" name="login_InvalidPassword_ShouldShowAlert" time="1.871"/>
  <testcase classname="test.LoginTest" name="login_ValidCredentials_ShouldShowUsername" time="5.467"/>
  <testcase classname="test.AddToCartTest" name="addAndViewCart_ShouldContainItem" time="11.962"/>
  <testcase classname="test.AddToCartTest" name="deleteProductFromCart_ShouldUpdateCartAndTotal" time="11.246">
    <failure type="org.openqa.selenium.TimeoutException" message="Expected condition failed: waiting for visibility of element located by By.id: totalp (tried for 10 second(s) with 500 milliseconds interval)
Build info: version: &amp;apos;4.20.0&amp;apos;, revision: &amp;apos;866c76ca80&amp;apos;
System info: os.name: &amp;apos;Windows 11&amp;apos;, os.arch: &amp;apos;amd64&amp;apos;, os.version: &amp;apos;10.0&amp;apos;, java.version: &amp;apos;21.0.6&amp;apos;
Driver info: org.openqa.selenium.chrome.ChromeDriver
Capabilities {acceptInsecureCerts: false, browserName: chrome, browserVersion: 138.0.7204.184, chrome: {chromedriverVersion: 138.0.7204.183 (e90faf484dd..., userDataDir: C:\Users\cdkar\AppData\Loca...}, fedcm:accounts: true, goog:chromeOptions: {debuggerAddress: localhost:60896}, networkConnectionEnabled: false, pageLoadStrategy: normal, platformName: windows, proxy: Proxy(), se:cdp: ws://localhost:60896/devtoo..., se:cdpVersion: 138.0.7204.184, setWindowRect: true, strictFileInteractability: false, timeouts: {implicit: 0, pageLoad: 300000, script: 30000}, unhandledPromptBehavior: dismiss and notify, webauthn:extension:credBlob: true, webauthn:extension:largeBlob: true, webauthn:extension:minPinLength: true, webauthn:extension:prf: true, webauthn:virtualAuthenticators: true}
Session ID: faa6ee87bfdca95064e761acc630e1c1">
      <![CDATA[org.openqa.selenium.TimeoutException: Expected condition failed: waiting for visibility of element located by By.id: totalp (tried for 10 second(s) with 500 milliseconds interval)
Build info: version: '4.20.0', revision: '866c76ca80'
System info: os.name: 'Windows 11', os.arch: 'amd64', os.version: '10.0', java.version: '21.0.6'
Driver info: org.openqa.selenium.chrome.ChromeDriver
Capabilities {acceptInsecureCerts: false, browserName: chrome, browserVersion: 138.0.7204.184, chrome: {chromedriverVersion: 138.0.7204.183 (e90faf484dd..., userDataDir: C:\Users\cdkar\AppData\Loca...}, fedcm:accounts: true, goog:chromeOptions: {debuggerAddress: localhost:60896}, networkConnectionEnabled: false, pageLoadStrategy: normal, platformName: windows, proxy: Proxy(), se:cdp: ws://localhost:60896/devtoo..., se:cdpVersion: 138.0.7204.184, setWindowRect: true, strictFileInteractability: false, timeouts: {implicit: 0, pageLoad: 300000, script: 30000}, unhandledPromptBehavior: dismiss and notify, webauthn:extension:credBlob: true, webauthn:extension:largeBlob: true, webauthn:extension:minPinLength: true, webauthn:extension:prf: true, webauthn:virtualAuthenticators: true}
Session ID: faa6ee87bfdca95064e761acc630e1c1
at org.openqa.selenium.support.ui.WebDriverWait.timeoutException(WebDriverWait.java:84)
at org.openqa.selenium.support.ui.FluentWait.until(FluentWait.java:228)
at util.WaitUtil.waitForVisibility(WaitUtil.java:14)
at page.CartPage.getTotal(CartPage.java:31)
at test.AddToCartTest.deleteProductFromCart_ShouldUpdateCartAndTotal(AddToCartTest.java:36)
at java.base/java.util.ArrayList.forEach(ArrayList.java:1596)
... Removed 29 stack frames]]>
    </failure>
  </testcase> <!-- deleteProductFromCart_ShouldUpdateCartAndTotal -->
  <testcase classname="test.PlaceOrderTest" name="placeOrder_WithValidDetails_ShouldConfirm" time="19.606">
    <failure type="org.openqa.selenium.TimeoutException" message="Expected condition failed: waiting for visibility of element located by By.cssSelector: .sweet-alert &amp;gt; div &amp;gt; p (tried for 10 second(s) with 500 milliseconds interval)
Build info: version: &amp;apos;4.20.0&amp;apos;, revision: &amp;apos;866c76ca80&amp;apos;
System info: os.name: &amp;apos;Windows 11&amp;apos;, os.arch: &amp;apos;amd64&amp;apos;, os.version: &amp;apos;10.0&amp;apos;, java.version: &amp;apos;21.0.6&amp;apos;
Driver info: org.openqa.selenium.chrome.ChromeDriver
Capabilities {acceptInsecureCerts: false, browserName: chrome, browserVersion: 138.0.7204.184, chrome: {chromedriverVersion: 138.0.7204.183 (e90faf484dd..., userDataDir: C:\Users\cdkar\AppData\Loca...}, fedcm:accounts: true, goog:chromeOptions: {debuggerAddress: localhost:60929}, networkConnectionEnabled: false, pageLoadStrategy: normal, platformName: windows, proxy: Proxy(), se:cdp: ws://localhost:60929/devtoo..., se:cdpVersion: 138.0.7204.184, setWindowRect: true, strictFileInteractability: false, timeouts: {implicit: 0, pageLoad: 300000, script: 30000}, unhandledPromptBehavior: dismiss and notify, webauthn:extension:credBlob: true, webauthn:extension:largeBlob: true, webauthn:extension:minPinLength: true, webauthn:extension:prf: true, webauthn:virtualAuthenticators: true}
Session ID: 4bee95f315228073eb996ecdb4501d40">
      <![CDATA[org.openqa.selenium.TimeoutException: Expected condition failed: waiting for visibility of element located by By.cssSelector: .sweet-alert > div > p (tried for 10 second(s) with 500 milliseconds interval)
Build info: version: '4.20.0', revision: '866c76ca80'
System info: os.name: 'Windows 11', os.arch: 'amd64', os.version: '10.0', java.version: '21.0.6'
Driver info: org.openqa.selenium.chrome.ChromeDriver
Capabilities {acceptInsecureCerts: false, browserName: chrome, browserVersion: 138.0.7204.184, chrome: {chromedriverVersion: 138.0.7204.183 (e90faf484dd..., userDataDir: C:\Users\cdkar\AppData\Loca...}, fedcm:accounts: true, goog:chromeOptions: {debuggerAddress: localhost:60929}, networkConnectionEnabled: false, pageLoadStrategy: normal, platformName: windows, proxy: Proxy(), se:cdp: ws://localhost:60929/devtoo..., se:cdpVersion: 138.0.7204.184, setWindowRect: true, strictFileInteractability: false, timeouts: {implicit: 0, pageLoad: 300000, script: 30000}, unhandledPromptBehavior: dismiss and notify, webauthn:extension:credBlob: true, webauthn:extension:largeBlob: true, webauthn:extension:minPinLength: true, webauthn:extension:prf: true, webauthn:virtualAuthenticators: true}
Session ID: 4bee95f315228073eb996ecdb4501d40
at org.openqa.selenium.support.ui.WebDriverWait.timeoutException(WebDriverWait.java:84)
at org.openqa.selenium.support.ui.FluentWait.until(FluentWait.java:228)
at util.WaitUtil.waitForVisibility(WaitUtil.java:14)
at page.PlaceOrderPage.getConfirmationDetails(PlaceOrderPage.java:44)
at test.PlaceOrderTest.placeOrder_WithValidDetails_ShouldConfirm(PlaceOrderTest.java:41)
at java.base/java.util.ArrayList.forEach(ArrayList.java:1596)
... Removed 29 stack frames]]>
    </failure>
  </testcase> <!-- placeOrder_WithValidDetails_ShouldConfirm -->
  <testcase classname="base.BaseTest" name="@AfterSuite flush" time="0.0">
    <ignored/>
  </testcase> <!-- @AfterSuite flush -->
  <testcase classname="base.BaseTest" name="@AfterSuite flush" time="0.0">
    <ignored/>
  </testcase> <!-- @AfterSuite flush -->
  <testcase classname="base.BaseTest" name="@AfterSuite flush" time="0.0">
    <ignored/>
  </testcase> <!-- @AfterSuite flush -->
</testsuite> <!-- SequentialTests -->
